<?xml version="1.0" encoding="UTF-8"?>
<!-- Generated by org.testng.reporters.JUnitXMLReporter -->
<testsuite ignored="0" hostname="NithyaLenova" failures="29" tests="29" name="Default test" time="83.862" errors="0" timestamp="2025-07-03T19:38:16 CDT">
  <testcase classname="io.cucumber.testng.AbstractTestNGCucumberTests" name="runScenario" time="0.16">
    <failure type="io.cucumber.core.runner.DuplicateStepDefinitionException" message="Duplicate step definitions in stepDefinitions.CommonHomePageFeatures_Step.user_checks_the_terms_conditions_box_after_filling_all_fields_as_in_and(java.lang.String,java.lang.String) and stepDefinitions.Login_Step.user_checks_the_terms_conditions_box_after_filling_all_fields_as_in_and(java.lang.String,java.lang.String)">
      <![CDATA[io.cucumber.core.runner.DuplicateStepDefinitionException: Duplicate step definitions in stepDefinitions.CommonHomePageFeatures_Step.user_checks_the_terms_conditions_box_after_filling_all_fields_as_in_and(java.lang.String,java.lang.String) and stepDefinitions.Login_Step.user_checks_the_terms_conditions_box_after_filling_all_fields_as_in_and(java.lang.String,java.lang.String)
at io.cucumber.core.runner.CachingGlue.lambda$prepareGlue$3(CachingGlue.java:313)
at java.base/java.util.ArrayList.forEach(ArrayList.java:1511)
at io.cucumber.core.runner.CachingGlue.prepareGlue(CachingGlue.java:307)
at io.cucumber.core.runner.Runner.runPickle(Runner.java:73)
at io.cucumber.testng.TestNGCucumberRunner.lambda$runScenario$1(TestNGCucumberRunner.java:135)
at io.cucumber.core.runtime.CucumberExecutionContext.lambda$runTestCase$5(CucumberExecutionContext.java:136)
at io.cucumber.core.runtime.RethrowingThrowableCollector.executeAndThrow(RethrowingThrowableCollector.java:23)
at io.cucumber.core.runtime.CucumberExecutionContext.runTestCase(CucumberExecutionContext.java:136)
at io.cucumber.testng.TestNGCucumberRunner.runScenario(TestNGCucumberRunner.java:132)
at io.cucumber.testng.AbstractTestNGCucumberTests.runScenario(AbstractTestNGCucumberTests.java:35)
at java.base/jdk.internal.reflect.NativeMethodAccessorImpl.invoke0(Native Method)
at java.base/jdk.internal.reflect.NativeMethodAccessorImpl.invoke(NativeMethodAccessorImpl.java:77)
at java.base/jdk.internal.reflect.DelegatingMethodAccessorImpl.invoke(DelegatingMethodAccessorImpl.java:43)
at java.base/java.lang.reflect.Method.invoke(Method.java:568)
at org.testng.internal.invokers.MethodInvocationHelper.invokeMethod(MethodInvocationHelper.java:141)
at org.testng.internal.invokers.TestInvoker.invokeMethod(TestInvoker.java:687)
at org.testng.internal.invokers.TestInvoker.invokeTestMethod(TestInvoker.java:230)
at org.testng.internal.invokers.MethodRunner.runInSequence(MethodRunner.java:63)
at org.testng.internal.invokers.TestInvoker$MethodInvocationAgent.invoke(TestInvoker.java:995)
at org.testng.internal.invokers.TestInvoker.invokeTestMethods(TestInvoker.java:203)
at org.testng.internal.invokers.TestMethodWorker.invokeTestMethods(TestMethodWorker.java:154)
at org.testng.internal.invokers.TestMethodWorker.run(TestMethodWorker.java:134)
at java.base/java.util.ArrayList.forEach(ArrayList.java:1511)
at org.testng.TestRunner.privateRun(TestRunner.java:741)
at org.testng.TestRunner.run(TestRunner.java:616)
at org.testng.SuiteRunner.runTest(SuiteRunner.java:421)
at org.testng.SuiteRunner.runSequentially(SuiteRunner.java:413)
at org.testng.SuiteRunner.privateRun(SuiteRunner.java:373)
at org.testng.SuiteRunner.run(SuiteRunner.java:312)
at org.testng.SuiteRunnerWorker.runSuite(SuiteRunnerWorker.java:52)
at org.testng.SuiteRunnerWorker.run(SuiteRunnerWorker.java:95)
at org.testng.TestNG.runSuitesSequentially(TestNG.java:1274)
at org.testng.TestNG.runSuitesLocally(TestNG.java:1208)
at org.testng.TestNG.runSuites(TestNG.java:1112)
at org.testng.TestNG.run(TestNG.java:1079)
at org.testng.remote.AbstractRemoteTestNG.run(AbstractRemoteTestNG.java:115)
at org.testng.remote.RemoteTestNG.initAndRun(RemoteTestNG.java:293)
at org.testng.remote.RemoteTestNG.main(RemoteTestNG.java:91)
]]>
    </failure>
  </testcase> <!-- runScenario -->
  <testcase classname="io.cucumber.testng.AbstractTestNGCucumberTests" name="runScenario" time="3.845">
    <failure type="io.cucumber.testng.UndefinedStepException" message="The step &amp;apos;Registered user clicks sign in after entering password&amp;apos; is undefined.
You can implement this step using the snippet(s) below:

@When(&amp;quot;Registered user clicks sign in after entering password&amp;quot;)
public void registered_user_clicks_sign_in_after_entering_password() {
    // Write code here that turns the phrase above into concrete actions
    throw new io.cucumber.java.PendingException();
}
">
      <![CDATA[io.cucumber.testng.UndefinedStepException: The step 'Registered user clicks sign in after entering password' is undefined.
You can implement this step using the snippet(s) below:

@When("Registered user clicks sign in after entering password")
public void registered_user_clicks_sign_in_after_entering_password() {
    // Write code here that turns the phrase above into concrete actions
    throw new io.cucumber.java.PendingException();
}

at ✽.Registered user clicks sign in after entering password(file:///C:/Users/nithi/EclipseWorkspace2024/Team01_Sweet-Debugger/src/test/resources/features/FreeDashboard.feature:7)
]]>
    </failure>
  </testcase> <!-- runScenario -->
  <testcase classname="io.cucumber.testng.AbstractTestNGCucumberTests" name="runScenario" time="2.654">
    <failure type="io.cucumber.testng.UndefinedStepException" message="The step &amp;apos;Registered user clicks sign in after entering password&amp;apos; is undefined.
You can implement this step using the snippet(s) below:

@When(&amp;quot;Registered user clicks sign in after entering password&amp;quot;)
public void registered_user_clicks_sign_in_after_entering_password() {
    // Write code here that turns the phrase above into concrete actions
    throw new io.cucumber.java.PendingException();
}
">
      <![CDATA[io.cucumber.testng.UndefinedStepException: The step 'Registered user clicks sign in after entering password' is undefined.
You can implement this step using the snippet(s) below:

@When("Registered user clicks sign in after entering password")
public void registered_user_clicks_sign_in_after_entering_password() {
    // Write code here that turns the phrase above into concrete actions
    throw new io.cucumber.java.PendingException();
}

at ✽.Registered user clicks sign in after entering password(file:///C:/Users/nithi/EclipseWorkspace2024/Team01_Sweet-Debugger/src/test/resources/features/FreeDashboard.feature:7)
]]>
    </failure>
  </testcase> <!-- runScenario -->
  <testcase classname="io.cucumber.testng.AbstractTestNGCucumberTests" name="runScenario" time="2.442">
    <failure type="io.cucumber.testng.UndefinedStepException" message="The step &amp;apos;Registered user clicks sign in after entering password&amp;apos; is undefined.
You can implement this step using the snippet(s) below:

@When(&amp;quot;Registered user clicks sign in after entering password&amp;quot;)
public void registered_user_clicks_sign_in_after_entering_password() {
    // Write code here that turns the phrase above into concrete actions
    throw new io.cucumber.java.PendingException();
}
">
      <![CDATA[io.cucumber.testng.UndefinedStepException: The step 'Registered user clicks sign in after entering password' is undefined.
You can implement this step using the snippet(s) below:

@When("Registered user clicks sign in after entering password")
public void registered_user_clicks_sign_in_after_entering_password() {
    // Write code here that turns the phrase above into concrete actions
    throw new io.cucumber.java.PendingException();
}

at ✽.Registered user clicks sign in after entering password(file:///C:/Users/nithi/EclipseWorkspace2024/Team01_Sweet-Debugger/src/test/resources/features/FreeDashboard.feature:7)
]]>
    </failure>
  </testcase> <!-- runScenario -->
  <testcase classname="io.cucumber.testng.AbstractTestNGCucumberTests" name="runScenario" time="2.994">
    <failure type="io.cucumber.testng.UndefinedStepException" message="The step &amp;apos;Registered user clicks sign in after entering password&amp;apos; is undefined.
You can implement this step using the snippet(s) below:

@When(&amp;quot;Registered user clicks sign in after entering password&amp;quot;)
public void registered_user_clicks_sign_in_after_entering_password() {
    // Write code here that turns the phrase above into concrete actions
    throw new io.cucumber.java.PendingException();
}
">
      <![CDATA[io.cucumber.testng.UndefinedStepException: The step 'Registered user clicks sign in after entering password' is undefined.
You can implement this step using the snippet(s) below:

@When("Registered user clicks sign in after entering password")
public void registered_user_clicks_sign_in_after_entering_password() {
    // Write code here that turns the phrase above into concrete actions
    throw new io.cucumber.java.PendingException();
}

at ✽.Registered user clicks sign in after entering password(file:///C:/Users/nithi/EclipseWorkspace2024/Team01_Sweet-Debugger/src/test/resources/features/FreeDashboard.feature:7)
]]>
    </failure>
  </testcase> <!-- runScenario -->
  <testcase classname="io.cucumber.testng.AbstractTestNGCucumberTests" name="runScenario" time="2.835">
    <failure type="io.cucumber.testng.UndefinedStepException" message="The step &amp;apos;Registered user clicks sign in after entering password&amp;apos; is undefined.
You can implement this step using the snippet(s) below:

@When(&amp;quot;Registered user clicks sign in after entering password&amp;quot;)
public void registered_user_clicks_sign_in_after_entering_password() {
    // Write code here that turns the phrase above into concrete actions
    throw new io.cucumber.java.PendingException();
}
">
      <![CDATA[io.cucumber.testng.UndefinedStepException: The step 'Registered user clicks sign in after entering password' is undefined.
You can implement this step using the snippet(s) below:

@When("Registered user clicks sign in after entering password")
public void registered_user_clicks_sign_in_after_entering_password() {
    // Write code here that turns the phrase above into concrete actions
    throw new io.cucumber.java.PendingException();
}

at ✽.Registered user clicks sign in after entering password(file:///C:/Users/nithi/EclipseWorkspace2024/Team01_Sweet-Debugger/src/test/resources/features/FreeDashboard.feature:7)
]]>
    </failure>
  </testcase> <!-- runScenario -->
  <testcase classname="io.cucumber.testng.AbstractTestNGCucumberTests" name="runScenario" time="2.58">
    <failure type="io.cucumber.testng.UndefinedStepException" message="The step &amp;apos;Registered user clicks sign in after entering password&amp;apos; is undefined.
You can implement this step using the snippet(s) below:

@When(&amp;quot;Registered user clicks sign in after entering password&amp;quot;)
public void registered_user_clicks_sign_in_after_entering_password() {
    // Write code here that turns the phrase above into concrete actions
    throw new io.cucumber.java.PendingException();
}
">
      <![CDATA[io.cucumber.testng.UndefinedStepException: The step 'Registered user clicks sign in after entering password' is undefined.
You can implement this step using the snippet(s) below:

@When("Registered user clicks sign in after entering password")
public void registered_user_clicks_sign_in_after_entering_password() {
    // Write code here that turns the phrase above into concrete actions
    throw new io.cucumber.java.PendingException();
}

at ✽.Registered user clicks sign in after entering password(file:///C:/Users/nithi/EclipseWorkspace2024/Team01_Sweet-Debugger/src/test/resources/features/FreeDashboard.feature:7)
]]>
    </failure>
  </testcase> <!-- runScenario -->
  <testcase classname="io.cucumber.testng.AbstractTestNGCucumberTests" name="runScenario" time="2.677">
    <failure type="io.cucumber.testng.UndefinedStepException" message="The step &amp;apos;Registered user clicks sign in after entering password&amp;apos; is undefined.
You can implement this step using the snippet(s) below:

@When(&amp;quot;Registered user clicks sign in after entering password&amp;quot;)
public void registered_user_clicks_sign_in_after_entering_password() {
    // Write code here that turns the phrase above into concrete actions
    throw new io.cucumber.java.PendingException();
}
">
      <![CDATA[io.cucumber.testng.UndefinedStepException: The step 'Registered user clicks sign in after entering password' is undefined.
You can implement this step using the snippet(s) below:

@When("Registered user clicks sign in after entering password")
public void registered_user_clicks_sign_in_after_entering_password() {
    // Write code here that turns the phrase above into concrete actions
    throw new io.cucumber.java.PendingException();
}

at ✽.Registered user clicks sign in after entering password(file:///C:/Users/nithi/EclipseWorkspace2024/Team01_Sweet-Debugger/src/test/resources/features/FreeDashboard.feature:7)
]]>
    </failure>
  </testcase> <!-- runScenario -->
  <testcase classname="io.cucumber.testng.AbstractTestNGCucumberTests" name="runScenario" time="2.769">
    <failure type="io.cucumber.testng.UndefinedStepException" message="The step &amp;apos;Registered user clicks sign in after entering password&amp;apos; is undefined.
You can implement this step using the snippet(s) below:

@When(&amp;quot;Registered user clicks sign in after entering password&amp;quot;)
public void registered_user_clicks_sign_in_after_entering_password() {
    // Write code here that turns the phrase above into concrete actions
    throw new io.cucumber.java.PendingException();
}
">
      <![CDATA[io.cucumber.testng.UndefinedStepException: The step 'Registered user clicks sign in after entering password' is undefined.
You can implement this step using the snippet(s) below:

@When("Registered user clicks sign in after entering password")
public void registered_user_clicks_sign_in_after_entering_password() {
    // Write code here that turns the phrase above into concrete actions
    throw new io.cucumber.java.PendingException();
}

at ✽.Registered user clicks sign in after entering password(file:///C:/Users/nithi/EclipseWorkspace2024/Team01_Sweet-Debugger/src/test/resources/features/FreeDashboard.feature:7)
]]>
    </failure>
  </testcase> <!-- runScenario -->
  <testcase classname="io.cucumber.testng.AbstractTestNGCucumberTests" name="runScenario" time="2.764">
    <failure type="io.cucumber.testng.UndefinedStepException" message="The step &amp;apos;Registered user clicks sign in after entering password&amp;apos; is undefined.
You can implement this step using the snippet(s) below:

@When(&amp;quot;Registered user clicks sign in after entering password&amp;quot;)
public void registered_user_clicks_sign_in_after_entering_password() {
    // Write code here that turns the phrase above into concrete actions
    throw new io.cucumber.java.PendingException();
}
">
      <![CDATA[io.cucumber.testng.UndefinedStepException: The step 'Registered user clicks sign in after entering password' is undefined.
You can implement this step using the snippet(s) below:

@When("Registered user clicks sign in after entering password")
public void registered_user_clicks_sign_in_after_entering_password() {
    // Write code here that turns the phrase above into concrete actions
    throw new io.cucumber.java.PendingException();
}

at ✽.Registered user clicks sign in after entering password(file:///C:/Users/nithi/EclipseWorkspace2024/Team01_Sweet-Debugger/src/test/resources/features/FreeDashboard.feature:7)
]]>
    </failure>
  </testcase> <!-- runScenario -->
  <testcase classname="io.cucumber.testng.AbstractTestNGCucumberTests" name="runScenario" time="2.552">
    <failure type="io.cucumber.testng.UndefinedStepException" message="The step &amp;apos;Registered user clicks sign in after entering password&amp;apos; is undefined.
You can implement this step using the snippet(s) below:

@When(&amp;quot;Registered user clicks sign in after entering password&amp;quot;)
public void registered_user_clicks_sign_in_after_entering_password() {
    // Write code here that turns the phrase above into concrete actions
    throw new io.cucumber.java.PendingException();
}
">
      <![CDATA[io.cucumber.testng.UndefinedStepException: The step 'Registered user clicks sign in after entering password' is undefined.
You can implement this step using the snippet(s) below:

@When("Registered user clicks sign in after entering password")
public void registered_user_clicks_sign_in_after_entering_password() {
    // Write code here that turns the phrase above into concrete actions
    throw new io.cucumber.java.PendingException();
}

at ✽.Registered user clicks sign in after entering password(file:///C:/Users/nithi/EclipseWorkspace2024/Team01_Sweet-Debugger/src/test/resources/features/FreeDashboard.feature:7)
]]>
    </failure>
  </testcase> <!-- runScenario -->
  <testcase classname="io.cucumber.testng.AbstractTestNGCucumberTests" name="runScenario" time="2.72">
    <failure type="io.cucumber.testng.UndefinedStepException" message="The step &amp;apos;Registered user clicks sign in after entering password&amp;apos; is undefined.
You can implement this step using the snippet(s) below:

@When(&amp;quot;Registered user clicks sign in after entering password&amp;quot;)
public void registered_user_clicks_sign_in_after_entering_password() {
    // Write code here that turns the phrase above into concrete actions
    throw new io.cucumber.java.PendingException();
}
">
      <![CDATA[io.cucumber.testng.UndefinedStepException: The step 'Registered user clicks sign in after entering password' is undefined.
You can implement this step using the snippet(s) below:

@When("Registered user clicks sign in after entering password")
public void registered_user_clicks_sign_in_after_entering_password() {
    // Write code here that turns the phrase above into concrete actions
    throw new io.cucumber.java.PendingException();
}

at ✽.Registered user clicks sign in after entering password(file:///C:/Users/nithi/EclipseWorkspace2024/Team01_Sweet-Debugger/src/test/resources/features/FreeDashboard.feature:7)
]]>
    </failure>
  </testcase> <!-- runScenario -->
  <testcase classname="io.cucumber.testng.AbstractTestNGCucumberTests" name="runScenario" time="2.49">
    <failure type="io.cucumber.testng.UndefinedStepException" message="The step &amp;apos;Registered user clicks sign in after entering password&amp;apos; is undefined.
You can implement this step using the snippet(s) below:

@When(&amp;quot;Registered user clicks sign in after entering password&amp;quot;)
public void registered_user_clicks_sign_in_after_entering_password() {
    // Write code here that turns the phrase above into concrete actions
    throw new io.cucumber.java.PendingException();
}
">
      <![CDATA[io.cucumber.testng.UndefinedStepException: The step 'Registered user clicks sign in after entering password' is undefined.
You can implement this step using the snippet(s) below:

@When("Registered user clicks sign in after entering password")
public void registered_user_clicks_sign_in_after_entering_password() {
    // Write code here that turns the phrase above into concrete actions
    throw new io.cucumber.java.PendingException();
}

at ✽.Registered user clicks sign in after entering password(file:///C:/Users/nithi/EclipseWorkspace2024/Team01_Sweet-Debugger/src/test/resources/features/FreeDashboard.feature:7)
]]>
    </failure>
  </testcase> <!-- runScenario -->
  <testcase classname="io.cucumber.testng.AbstractTestNGCucumberTests" name="runScenario" time="2.549">
    <failure type="io.cucumber.testng.UndefinedStepException" message="The step &amp;apos;Registered user clicks sign in after entering password&amp;apos; is undefined.
You can implement this step using the snippet(s) below:

@When(&amp;quot;Registered user clicks sign in after entering password&amp;quot;)
public void registered_user_clicks_sign_in_after_entering_password() {
    // Write code here that turns the phrase above into concrete actions
    throw new io.cucumber.java.PendingException();
}
">
      <![CDATA[io.cucumber.testng.UndefinedStepException: The step 'Registered user clicks sign in after entering password' is undefined.
You can implement this step using the snippet(s) below:

@When("Registered user clicks sign in after entering password")
public void registered_user_clicks_sign_in_after_entering_password() {
    // Write code here that turns the phrase above into concrete actions
    throw new io.cucumber.java.PendingException();
}

at ✽.Registered user clicks sign in after entering password(file:///C:/Users/nithi/EclipseWorkspace2024/Team01_Sweet-Debugger/src/test/resources/features/FreeDashboard.feature:7)
]]>
    </failure>
  </testcase> <!-- runScenario -->
  <testcase classname="io.cucumber.testng.AbstractTestNGCucumberTests" name="runScenario" time="2.363">
    <failure type="io.cucumber.testng.UndefinedStepException" message="The step &amp;apos;Registered user clicks sign in after entering password&amp;apos; is undefined.
You can implement this step using the snippet(s) below:

@When(&amp;quot;Registered user clicks sign in after entering password&amp;quot;)
public void registered_user_clicks_sign_in_after_entering_password() {
    // Write code here that turns the phrase above into concrete actions
    throw new io.cucumber.java.PendingException();
}
">
      <![CDATA[io.cucumber.testng.UndefinedStepException: The step 'Registered user clicks sign in after entering password' is undefined.
You can implement this step using the snippet(s) below:

@When("Registered user clicks sign in after entering password")
public void registered_user_clicks_sign_in_after_entering_password() {
    // Write code here that turns the phrase above into concrete actions
    throw new io.cucumber.java.PendingException();
}

at ✽.Registered user clicks sign in after entering password(file:///C:/Users/nithi/EclipseWorkspace2024/Team01_Sweet-Debugger/src/test/resources/features/FreeDashboard.feature:7)
]]>
    </failure>
  </testcase> <!-- runScenario -->
  <testcase classname="io.cucumber.testng.AbstractTestNGCucumberTests" name="runScenario" time="2.537">
    <failure type="io.cucumber.testng.UndefinedStepException" message="The step &amp;apos;Registered user clicks sign in after entering password&amp;apos; is undefined.
You can implement this step using the snippet(s) below:

@When(&amp;quot;Registered user clicks sign in after entering password&amp;quot;)
public void registered_user_clicks_sign_in_after_entering_password() {
    // Write code here that turns the phrase above into concrete actions
    throw new io.cucumber.java.PendingException();
}
">
      <![CDATA[io.cucumber.testng.UndefinedStepException: The step 'Registered user clicks sign in after entering password' is undefined.
You can implement this step using the snippet(s) below:

@When("Registered user clicks sign in after entering password")
public void registered_user_clicks_sign_in_after_entering_password() {
    // Write code here that turns the phrase above into concrete actions
    throw new io.cucumber.java.PendingException();
}

at ✽.Registered user clicks sign in after entering password(file:///C:/Users/nithi/EclipseWorkspace2024/Team01_Sweet-Debugger/src/test/resources/features/FreeDashboard.feature:7)
]]>
    </failure>
  </testcase> <!-- runScenario -->
  <testcase classname="io.cucumber.testng.AbstractTestNGCucumberTests" name="runScenario" time="2.543">
    <failure type="io.cucumber.testng.UndefinedStepException" message="The step &amp;apos;Registered user clicks sign in after entering password&amp;apos; is undefined.
You can implement this step using the snippet(s) below:

@When(&amp;quot;Registered user clicks sign in after entering password&amp;quot;)
public void registered_user_clicks_sign_in_after_entering_password() {
    // Write code here that turns the phrase above into concrete actions
    throw new io.cucumber.java.PendingException();
}
">
      <![CDATA[io.cucumber.testng.UndefinedStepException: The step 'Registered user clicks sign in after entering password' is undefined.
You can implement this step using the snippet(s) below:

@When("Registered user clicks sign in after entering password")
public void registered_user_clicks_sign_in_after_entering_password() {
    // Write code here that turns the phrase above into concrete actions
    throw new io.cucumber.java.PendingException();
}

at ✽.Registered user clicks sign in after entering password(file:///C:/Users/nithi/EclipseWorkspace2024/Team01_Sweet-Debugger/src/test/resources/features/FreeDashboard.feature:7)
]]>
    </failure>
  </testcase> <!-- runScenario -->
  <testcase classname="io.cucumber.testng.AbstractTestNGCucumberTests" name="runScenario" time="2.485">
    <failure type="io.cucumber.testng.UndefinedStepException" message="The step &amp;apos;Registered user clicks sign in after entering password&amp;apos; is undefined.
You can implement this step using the snippet(s) below:

@When(&amp;quot;Registered user clicks sign in after entering password&amp;quot;)
public void registered_user_clicks_sign_in_after_entering_password() {
    // Write code here that turns the phrase above into concrete actions
    throw new io.cucumber.java.PendingException();
}
">
      <![CDATA[io.cucumber.testng.UndefinedStepException: The step 'Registered user clicks sign in after entering password' is undefined.
You can implement this step using the snippet(s) below:

@When("Registered user clicks sign in after entering password")
public void registered_user_clicks_sign_in_after_entering_password() {
    // Write code here that turns the phrase above into concrete actions
    throw new io.cucumber.java.PendingException();
}

at ✽.Registered user clicks sign in after entering password(file:///C:/Users/nithi/EclipseWorkspace2024/Team01_Sweet-Debugger/src/test/resources/features/FreeDashboard.feature:7)
]]>
    </failure>
  </testcase> <!-- runScenario -->
  <testcase classname="io.cucumber.testng.AbstractTestNGCucumberTests" name="runScenario" time="2.744">
    <failure type="io.cucumber.testng.UndefinedStepException" message="The step &amp;apos;Registered user clicks sign in after entering password&amp;apos; is undefined.
You can implement this step using the snippet(s) below:

@When(&amp;quot;Registered user clicks sign in after entering password&amp;quot;)
public void registered_user_clicks_sign_in_after_entering_password() {
    // Write code here that turns the phrase above into concrete actions
    throw new io.cucumber.java.PendingException();
}
">
      <![CDATA[io.cucumber.testng.UndefinedStepException: The step 'Registered user clicks sign in after entering password' is undefined.
You can implement this step using the snippet(s) below:

@When("Registered user clicks sign in after entering password")
public void registered_user_clicks_sign_in_after_entering_password() {
    // Write code here that turns the phrase above into concrete actions
    throw new io.cucumber.java.PendingException();
}

at ✽.Registered user clicks sign in after entering password(file:///C:/Users/nithi/EclipseWorkspace2024/Team01_Sweet-Debugger/src/test/resources/features/FreeDashboard.feature:7)
]]>
    </failure>
  </testcase> <!-- runScenario -->
  <testcase classname="io.cucumber.testng.AbstractTestNGCucumberTests" name="runScenario" time="2.513">
    <failure type="io.cucumber.testng.UndefinedStepException" message="The step &amp;apos;Registered user clicks sign in after entering password&amp;apos; is undefined.
You can implement this step using the snippet(s) below:

@When(&amp;quot;Registered user clicks sign in after entering password&amp;quot;)
public void registered_user_clicks_sign_in_after_entering_password() {
    // Write code here that turns the phrase above into concrete actions
    throw new io.cucumber.java.PendingException();
}
">
      <![CDATA[io.cucumber.testng.UndefinedStepException: The step 'Registered user clicks sign in after entering password' is undefined.
You can implement this step using the snippet(s) below:

@When("Registered user clicks sign in after entering password")
public void registered_user_clicks_sign_in_after_entering_password() {
    // Write code here that turns the phrase above into concrete actions
    throw new io.cucumber.java.PendingException();
}

at ✽.Registered user clicks sign in after entering password(file:///C:/Users/nithi/EclipseWorkspace2024/Team01_Sweet-Debugger/src/test/resources/features/FreeDashboard.feature:7)
]]>
    </failure>
  </testcase> <!-- runScenario -->
  <testcase classname="io.cucumber.testng.AbstractTestNGCucumberTests" name="runScenario" time="2.555">
    <failure type="io.cucumber.testng.UndefinedStepException" message="The step &amp;apos;Registered user clicks sign in after entering password&amp;apos; is undefined.
You can implement this step using the snippet(s) below:

@When(&amp;quot;Registered user clicks sign in after entering password&amp;quot;)
public void registered_user_clicks_sign_in_after_entering_password() {
    // Write code here that turns the phrase above into concrete actions
    throw new io.cucumber.java.PendingException();
}
">
      <![CDATA[io.cucumber.testng.UndefinedStepException: The step 'Registered user clicks sign in after entering password' is undefined.
You can implement this step using the snippet(s) below:

@When("Registered user clicks sign in after entering password")
public void registered_user_clicks_sign_in_after_entering_password() {
    // Write code here that turns the phrase above into concrete actions
    throw new io.cucumber.java.PendingException();
}

at ✽.Registered user clicks sign in after entering password(file:///C:/Users/nithi/EclipseWorkspace2024/Team01_Sweet-Debugger/src/test/resources/features/FreeDashboard.feature:7)
]]>
    </failure>
  </testcase> <!-- runScenario -->
  <testcase classname="io.cucumber.testng.AbstractTestNGCucumberTests" name="runScenario" time="2.423">
    <failure type="io.cucumber.testng.UndefinedStepException" message="The step &amp;apos;Registered user clicks sign in after entering password&amp;apos; is undefined.
You can implement this step using the snippet(s) below:

@When(&amp;quot;Registered user clicks sign in after entering password&amp;quot;)
public void registered_user_clicks_sign_in_after_entering_password() {
    // Write code here that turns the phrase above into concrete actions
    throw new io.cucumber.java.PendingException();
}
">
      <![CDATA[io.cucumber.testng.UndefinedStepException: The step 'Registered user clicks sign in after entering password' is undefined.
You can implement this step using the snippet(s) below:

@When("Registered user clicks sign in after entering password")
public void registered_user_clicks_sign_in_after_entering_password() {
    // Write code here that turns the phrase above into concrete actions
    throw new io.cucumber.java.PendingException();
}

at ✽.Registered user clicks sign in after entering password(file:///C:/Users/nithi/EclipseWorkspace2024/Team01_Sweet-Debugger/src/test/resources/features/FreeDashboard.feature:7)
]]>
    </failure>
  </testcase> <!-- runScenario -->
  <testcase classname="io.cucumber.testng.AbstractTestNGCucumberTests" name="runScenario" time="2.56">
    <failure type="io.cucumber.testng.UndefinedStepException" message="The step &amp;apos;Registered user clicks sign in after entering password&amp;apos; is undefined.
You can implement this step using the snippet(s) below:

@When(&amp;quot;Registered user clicks sign in after entering password&amp;quot;)
public void registered_user_clicks_sign_in_after_entering_password() {
    // Write code here that turns the phrase above into concrete actions
    throw new io.cucumber.java.PendingException();
}
">
      <![CDATA[io.cucumber.testng.UndefinedStepException: The step 'Registered user clicks sign in after entering password' is undefined.
You can implement this step using the snippet(s) below:

@When("Registered user clicks sign in after entering password")
public void registered_user_clicks_sign_in_after_entering_password() {
    // Write code here that turns the phrase above into concrete actions
    throw new io.cucumber.java.PendingException();
}

at ✽.Registered user clicks sign in after entering password(file:///C:/Users/nithi/EclipseWorkspace2024/Team01_Sweet-Debugger/src/test/resources/features/FreeDashboard.feature:7)
]]>
    </failure>
  </testcase> <!-- runScenario -->
  <testcase classname="io.cucumber.testng.AbstractTestNGCucumberTests" name="runScenario" time="2.431">
    <failure type="io.cucumber.testng.UndefinedStepException" message="The step &amp;apos;Registered user clicks sign in after entering password&amp;apos; is undefined.
You can implement this step using the snippet(s) below:

@When(&amp;quot;Registered user clicks sign in after entering password&amp;quot;)
public void registered_user_clicks_sign_in_after_entering_password() {
    // Write code here that turns the phrase above into concrete actions
    throw new io.cucumber.java.PendingException();
}
">
      <![CDATA[io.cucumber.testng.UndefinedStepException: The step 'Registered user clicks sign in after entering password' is undefined.
You can implement this step using the snippet(s) below:

@When("Registered user clicks sign in after entering password")
public void registered_user_clicks_sign_in_after_entering_password() {
    // Write code here that turns the phrase above into concrete actions
    throw new io.cucumber.java.PendingException();
}

at ✽.Registered user clicks sign in after entering password(file:///C:/Users/nithi/EclipseWorkspace2024/Team01_Sweet-Debugger/src/test/resources/features/FreeDashboard.feature:7)
]]>
    </failure>
  </testcase> <!-- runScenario -->
  <testcase classname="io.cucumber.testng.AbstractTestNGCucumberTests" name="runScenario" time="2.53">
    <failure type="io.cucumber.testng.UndefinedStepException" message="The step &amp;apos;Registered user clicks sign in after entering password&amp;apos; is undefined.
You can implement this step using the snippet(s) below:

@When(&amp;quot;Registered user clicks sign in after entering password&amp;quot;)
public void registered_user_clicks_sign_in_after_entering_password() {
    // Write code here that turns the phrase above into concrete actions
    throw new io.cucumber.java.PendingException();
}
">
      <![CDATA[io.cucumber.testng.UndefinedStepException: The step 'Registered user clicks sign in after entering password' is undefined.
You can implement this step using the snippet(s) below:

@When("Registered user clicks sign in after entering password")
public void registered_user_clicks_sign_in_after_entering_password() {
    // Write code here that turns the phrase above into concrete actions
    throw new io.cucumber.java.PendingException();
}

at ✽.Registered user clicks sign in after entering password(file:///C:/Users/nithi/EclipseWorkspace2024/Team01_Sweet-Debugger/src/test/resources/features/FreeDashboard.feature:7)
]]>
    </failure>
  </testcase> <!-- runScenario -->
  <testcase classname="io.cucumber.testng.AbstractTestNGCucumberTests" name="runScenario" time="2.312">
    <failure type="io.cucumber.testng.UndefinedStepException" message="The step &amp;apos;Registered user clicks sign in after entering password&amp;apos; is undefined.
You can implement this step using the snippet(s) below:

@When(&amp;quot;Registered user clicks sign in after entering password&amp;quot;)
public void registered_user_clicks_sign_in_after_entering_password() {
    // Write code here that turns the phrase above into concrete actions
    throw new io.cucumber.java.PendingException();
}
">
      <![CDATA[io.cucumber.testng.UndefinedStepException: The step 'Registered user clicks sign in after entering password' is undefined.
You can implement this step using the snippet(s) below:

@When("Registered user clicks sign in after entering password")
public void registered_user_clicks_sign_in_after_entering_password() {
    // Write code here that turns the phrase above into concrete actions
    throw new io.cucumber.java.PendingException();
}

at ✽.Registered user clicks sign in after entering password(file:///C:/Users/nithi/EclipseWorkspace2024/Team01_Sweet-Debugger/src/test/resources/features/FreeDashboard.feature:7)
]]>
    </failure>
  </testcase> <!-- runScenario -->
  <testcase classname="io.cucumber.testng.AbstractTestNGCucumberTests" name="runScenario" time="2.509">
    <failure type="io.cucumber.testng.UndefinedStepException" message="The step &amp;apos;Registered user clicks sign in after entering password&amp;apos; is undefined.
You can implement this step using the snippet(s) below:

@When(&amp;quot;Registered user clicks sign in after entering password&amp;quot;)
public void registered_user_clicks_sign_in_after_entering_password() {
    // Write code here that turns the phrase above into concrete actions
    throw new io.cucumber.java.PendingException();
}
">
      <![CDATA[io.cucumber.testng.UndefinedStepException: The step 'Registered user clicks sign in after entering password' is undefined.
You can implement this step using the snippet(s) below:

@When("Registered user clicks sign in after entering password")
public void registered_user_clicks_sign_in_after_entering_password() {
    // Write code here that turns the phrase above into concrete actions
    throw new io.cucumber.java.PendingException();
}

at ✽.Registered user clicks sign in after entering password(file:///C:/Users/nithi/EclipseWorkspace2024/Team01_Sweet-Debugger/src/test/resources/features/FreeDashboard.feature:7)
]]>
    </failure>
  </testcase> <!-- runScenario -->
  <testcase classname="io.cucumber.testng.AbstractTestNGCucumberTests" name="runScenario" time="2.637">
    <failure type="io.cucumber.testng.UndefinedStepException" message="The step &amp;apos;Registered user clicks sign in after entering password&amp;apos; is undefined.
You can implement this step using the snippet(s) below:

@When(&amp;quot;Registered user clicks sign in after entering password&amp;quot;)
public void registered_user_clicks_sign_in_after_entering_password() {
    // Write code here that turns the phrase above into concrete actions
    throw new io.cucumber.java.PendingException();
}
">
      <![CDATA[io.cucumber.testng.UndefinedStepException: The step 'Registered user clicks sign in after entering password' is undefined.
You can implement this step using the snippet(s) below:

@When("Registered user clicks sign in after entering password")
public void registered_user_clicks_sign_in_after_entering_password() {
    // Write code here that turns the phrase above into concrete actions
    throw new io.cucumber.java.PendingException();
}

at ✽.Registered user clicks sign in after entering password(file:///C:/Users/nithi/EclipseWorkspace2024/Team01_Sweet-Debugger/src/test/resources/features/FreeDashboard.feature:7)
]]>
    </failure>
  </testcase> <!-- runScenario -->
  <testcase classname="io.cucumber.testng.AbstractTestNGCucumberTests" name="runScenario" time="2.549">
    <failure type="io.cucumber.testng.UndefinedStepException" message="The step &amp;apos;Registered user clicks sign in after entering password&amp;apos; is undefined.
You can implement this step using the snippet(s) below:

@When(&amp;quot;Registered user clicks sign in after entering password&amp;quot;)
public void registered_user_clicks_sign_in_after_entering_password() {
    // Write code here that turns the phrase above into concrete actions
    throw new io.cucumber.java.PendingException();
}
">
      <![CDATA[io.cucumber.testng.UndefinedStepException: The step 'Registered user clicks sign in after entering password' is undefined.
You can implement this step using the snippet(s) below:

@When("Registered user clicks sign in after entering password")
public void registered_user_clicks_sign_in_after_entering_password() {
    // Write code here that turns the phrase above into concrete actions
    throw new io.cucumber.java.PendingException();
}

at ✽.Registered user clicks sign in after entering password(file:///C:/Users/nithi/EclipseWorkspace2024/Team01_Sweet-Debugger/src/test/resources/features/FreeDashboard.feature:7)
]]>
    </failure>
  </testcase> <!-- runScenario -->
</testsuite> <!-- Default test -->
