<?xml version="1.0" encoding="UTF-8"?>
<!-- Generated by org.testng.reporters.JUnitXMLReporter -->
<testsuite ignored="0" hostname="NithyaLenova" failures="1" tests="1" name="TestFirefox" time="19.167" errors="0" timestamp="2025-07-03T20:33:51 CDT">
  <testcase classname="io.cucumber.testng.AbstractTestNGCucumberTests" name="runScenario" time="9.237">
    <failure type="java.lang.AssertionError" message="snack Three Clock is not displayed expected [true] but found [false]">
      <![CDATA[java.lang.AssertionError: snack Three Clock is not displayed expected [true] but found [false]
at stepDefinitions.HomePageFreeUser_Step.the_value_should_be_displayed_HomePageNutrientValue(HomePageFreeUser_Step.java:88)
at âœ½.The "snack Three Clock" value should be displayed HomePageNutrientValue(file:///C:/Users/nithi/EclipseWorkspace2024/Team01_Sweet-Debugger/src/test/resources/features/HomePageFreeUser.feature:36)
... Removed 3 stack frames]]>
    </failure>
  </testcase> <!-- runScenario -->
</testsuite> <!-- TestFirefox -->
