-------------------------------------------------------------------------------
Test set: TestSuite
-------------------------------------------------------------------------------
Tests run: 29, Failures: 29, Errors: 0, Skipped: 0, Time elapsed: 75.08 s <<< FAILURE! -- in TestSuite
testRunner.TestRunner.runScenario["Verify the Welcome Message is displayed with name", "Dashboard page validation for Registered Free account user"](1) -- Time elapsed: 0.161 s <<< FAILURE!
io.cucumber.core.runner.DuplicateStepDefinitionException: Duplicate step definitions in stepDefinitions.CommonHomePageFeatures_Step.user_checks_the_terms_conditions_box_after_filling_all_fields_as_in_and(java.lang.String,java.lang.String) and stepDefinitions.Login_Step.user_checks_the_terms_conditions_box_after_filling_all_fields_as_in_and(java.lang.String,java.lang.String)
	at io.cucumber.core.runner.CachingGlue.lambda$prepareGlue$3(CachingGlue.java:313)
	at java.base/java.util.ArrayList.forEach(ArrayList.java:1511)
	at io.cucumber.core.runner.CachingGlue.prepareGlue(CachingGlue.java:307)
	at io.cucumber.core.runner.Runner.runPickle(Runner.java:73)
	at io.cucumber.testng.TestNGCucumberRunner.lambda$runScenario$1(TestNGCucumberRunner.java:135)
	at io.cucumber.core.runtime.CucumberExecutionContext.lambda$runTestCase$5(CucumberExecutionContext.java:136)
	at io.cucumber.core.runtime.RethrowingThrowableCollector.executeAndThrow(RethrowingThrowableCollector.java:23)
	at io.cucumber.core.runtime.CucumberExecutionContext.runTestCase(CucumberExecutionContext.java:136)
	at io.cucumber.testng.TestNGCucumberRunner.runScenario(TestNGCucumberRunner.java:132)
	at io.cucumber.testng.AbstractTestNGCucumberTests.runScenario(AbstractTestNGCucumberTests.java:35)
	at java.base/jdk.internal.reflect.NativeMethodAccessorImpl.invoke0(Native Method)
	at java.base/jdk.internal.reflect.NativeMethodAccessorImpl.invoke(NativeMethodAccessorImpl.java:77)
	at java.base/jdk.internal.reflect.DelegatingMethodAccessorImpl.invoke(DelegatingMethodAccessorImpl.java:43)
	at java.base/java.lang.reflect.Method.invoke(Method.java:568)
	at org.testng.internal.invokers.MethodInvocationHelper.invokeMethod(MethodInvocationHelper.java:141)
	at org.testng.internal.invokers.TestInvoker.invokeMethod(TestInvoker.java:687)
	at org.testng.internal.invokers.TestInvoker.invokeTestMethod(TestInvoker.java:230)
	at org.testng.internal.invokers.MethodRunner.runInSequence(MethodRunner.java:63)
	at org.testng.internal.invokers.TestInvoker$MethodInvocationAgent.invoke(TestInvoker.java:995)
	at org.testng.internal.invokers.TestInvoker.invokeTestMethods(TestInvoker.java:203)
	at org.testng.internal.invokers.TestMethodWorker.invokeTestMethods(TestMethodWorker.java:154)
	at org.testng.internal.invokers.TestMethodWorker.run(TestMethodWorker.java:134)
	at java.base/java.util.ArrayList.forEach(ArrayList.java:1511)
	at org.testng.TestRunner.privateRun(TestRunner.java:741)
	at org.testng.TestRunner.run(TestRunner.java:616)
	at org.testng.SuiteRunner.runTest(SuiteRunner.java:421)
	at org.testng.SuiteRunner.runSequentially(SuiteRunner.java:413)
	at org.testng.SuiteRunner.privateRun(SuiteRunner.java:373)
	at org.testng.SuiteRunner.run(SuiteRunner.java:312)
	at org.testng.SuiteRunnerWorker.runSuite(SuiteRunnerWorker.java:52)
	at org.testng.SuiteRunnerWorker.run(SuiteRunnerWorker.java:95)
	at org.testng.TestNG.runSuitesSequentially(TestNG.java:1274)
	at org.testng.TestNG.runSuitesLocally(TestNG.java:1208)
	at org.testng.TestNG.runSuites(TestNG.java:1112)
	at org.testng.TestNG.run(TestNG.java:1079)
	at org.apache.maven.surefire.testng.TestNGExecutor.run(TestNGExecutor.java:308)
	at org.apache.maven.surefire.testng.TestNGXmlTestSuite.execute(TestNGXmlTestSuite.java:71)
	at org.apache.maven.surefire.testng.TestNGProvider.invoke(TestNGProvider.java:113)
	at org.apache.maven.surefire.booter.ForkedBooter.runSuitesInProcess(ForkedBooter.java:385)
	at org.apache.maven.surefire.booter.ForkedBooter.execute(ForkedBooter.java:162)
	at org.apache.maven.surefire.booter.ForkedBooter.run(ForkedBooter.java:507)
	at org.apache.maven.surefire.booter.ForkedBooter.main(ForkedBooter.java:495)

testRunner.TestRunner.runScenario["Verify "Displayed Message" the presence of dashboard", "Dashboard page validation for Registered Free account user"](2) -- Time elapsed: 3.977 s <<< FAILURE!
io.cucumber.testng.UndefinedStepException: 
The step 'User is on login page' and 1 other step(s) are undefined.
You can implement these steps using the snippet(s) below:

@Given("User is on login page")
public void user_is_on_login_page() {
    // Write code here that turns the phrase above into concrete actions
    throw new io.cucumber.java.PendingException();
}
@When("Registered user clicks sign in after entering password")
public void registered_user_clicks_sign_in_after_entering_password() {
    // Write code here that turns the phrase above into concrete actions
    throw new io.cucumber.java.PendingException();
}

	at ✽.User is on login page(file:///C:/Users/nithi/EclipseWorkspace2024/Team01_Sweet-Debugger/src/test/resources/features/FreeDashboard.feature:6)

testRunner.TestRunner.runScenario["Verify "Upgrade Premium" the presence of dashboard", "Dashboard page validation for Registered Free account user"](3) -- Time elapsed: 2.322 s <<< FAILURE!
io.cucumber.testng.UndefinedStepException: 
The step 'User is on login page' and 1 other step(s) are undefined.
You can implement these steps using the snippet(s) below:

@Given("User is on login page")
public void user_is_on_login_page() {
    // Write code here that turns the phrase above into concrete actions
    throw new io.cucumber.java.PendingException();
}
@When("Registered user clicks sign in after entering password")
public void registered_user_clicks_sign_in_after_entering_password() {
    // Write code here that turns the phrase above into concrete actions
    throw new io.cucumber.java.PendingException();
}

	at ✽.User is on login page(file:///C:/Users/nithi/EclipseWorkspace2024/Team01_Sweet-Debugger/src/test/resources/features/FreeDashboard.feature:6)

testRunner.TestRunner.runScenario["Verify "Account Information" the presence of dashboard", "Dashboard page validation for Registered Free account user"](4) -- Time elapsed: 2.311 s <<< FAILURE!
io.cucumber.testng.UndefinedStepException: 
The step 'User is on login page' and 1 other step(s) are undefined.
You can implement these steps using the snippet(s) below:

@Given("User is on login page")
public void user_is_on_login_page() {
    // Write code here that turns the phrase above into concrete actions
    throw new io.cucumber.java.PendingException();
}
@When("Registered user clicks sign in after entering password")
public void registered_user_clicks_sign_in_after_entering_password() {
    // Write code here that turns the phrase above into concrete actions
    throw new io.cucumber.java.PendingException();
}

	at ✽.User is on login page(file:///C:/Users/nithi/EclipseWorkspace2024/Team01_Sweet-Debugger/src/test/resources/features/FreeDashboard.feature:6)

testRunner.TestRunner.runScenario["Verify "Save Changes" the presence of dashboard", "Dashboard page validation for Registered Free account user"](5) -- Time elapsed: 2.345 s <<< FAILURE!
io.cucumber.testng.UndefinedStepException: 
The step 'User is on login page' and 1 other step(s) are undefined.
You can implement these steps using the snippet(s) below:

@Given("User is on login page")
public void user_is_on_login_page() {
    // Write code here that turns the phrase above into concrete actions
    throw new io.cucumber.java.PendingException();
}
@When("Registered user clicks sign in after entering password")
public void registered_user_clicks_sign_in_after_entering_password() {
    // Write code here that turns the phrase above into concrete actions
    throw new io.cucumber.java.PendingException();
}

	at ✽.User is on login page(file:///C:/Users/nithi/EclipseWorkspace2024/Team01_Sweet-Debugger/src/test/resources/features/FreeDashboard.feature:6)

testRunner.TestRunner.runScenario["Verify "Account Information All Fields" the presence of dashboard", "Dashboard page validation for Registered Free account user"](6) -- Time elapsed: 2.179 s <<< FAILURE!
io.cucumber.testng.UndefinedStepException: 
The step 'User is on login page' and 1 other step(s) are undefined.
You can implement these steps using the snippet(s) below:

@Given("User is on login page")
public void user_is_on_login_page() {
    // Write code here that turns the phrase above into concrete actions
    throw new io.cucumber.java.PendingException();
}
@When("Registered user clicks sign in after entering password")
public void registered_user_clicks_sign_in_after_entering_password() {
    // Write code here that turns the phrase above into concrete actions
    throw new io.cucumber.java.PendingException();
}

	at ✽.User is on login page(file:///C:/Users/nithi/EclipseWorkspace2024/Team01_Sweet-Debugger/src/test/resources/features/FreeDashboard.feature:6)

testRunner.TestRunner.runScenario["Verify age should accept only Numeric Value", "Dashboard page validation for Registered Free account user"](7) -- Time elapsed: 1.541 s <<< FAILURE!
io.cucumber.testng.UndefinedStepException: 
The step 'User is on login page' and 1 other step(s) are undefined.
You can implement these steps using the snippet(s) below:

@Given("User is on login page")
public void user_is_on_login_page() {
    // Write code here that turns the phrase above into concrete actions
    throw new io.cucumber.java.PendingException();
}
@When("Registered user clicks sign in after entering password")
public void registered_user_clicks_sign_in_after_entering_password() {
    // Write code here that turns the phrase above into concrete actions
    throw new io.cucumber.java.PendingException();
}

	at ✽.User is on login page(file:///C:/Users/nithi/EclipseWorkspace2024/Team01_Sweet-Debugger/src/test/resources/features/FreeDashboard.feature:6)

testRunner.TestRunner.runScenario["Verify height should accept only Numeric Value", "Dashboard page validation for Registered Free account user"](8) -- Time elapsed: 1.566 s <<< FAILURE!
io.cucumber.testng.UndefinedStepException: 
The step 'User is on login page' and 1 other step(s) are undefined.
You can implement these steps using the snippet(s) below:

@Given("User is on login page")
public void user_is_on_login_page() {
    // Write code here that turns the phrase above into concrete actions
    throw new io.cucumber.java.PendingException();
}
@When("Registered user clicks sign in after entering password")
public void registered_user_clicks_sign_in_after_entering_password() {
    // Write code here that turns the phrase above into concrete actions
    throw new io.cucumber.java.PendingException();
}

	at ✽.User is on login page(file:///C:/Users/nithi/EclipseWorkspace2024/Team01_Sweet-Debugger/src/test/resources/features/FreeDashboard.feature:6)

testRunner.TestRunner.runScenario["Verify Weight should accept only Numeric Value", "Dashboard page validation for Registered Free account user"](9) -- Time elapsed: 2.275 s <<< FAILURE!
io.cucumber.testng.UndefinedStepException: 
The step 'User is on login page' and 1 other step(s) are undefined.
You can implement these steps using the snippet(s) below:

@Given("User is on login page")
public void user_is_on_login_page() {
    // Write code here that turns the phrase above into concrete actions
    throw new io.cucumber.java.PendingException();
}
@When("Registered user clicks sign in after entering password")
public void registered_user_clicks_sign_in_after_entering_password() {
    // Write code here that turns the phrase above into concrete actions
    throw new io.cucumber.java.PendingException();
}

	at ✽.User is on login page(file:///C:/Users/nithi/EclipseWorkspace2024/Team01_Sweet-Debugger/src/test/resources/features/FreeDashboard.feature:6)

testRunner.TestRunner.runScenario["Verify Exercise Routine Level dropdown is displayed with options", "Dashboard page validation for Registered Free account user"](10) -- Time elapsed: 2.633 s <<< FAILURE!
io.cucumber.testng.UndefinedStepException: 
The step 'User is on login page' and 1 other step(s) are undefined.
You can implement these steps using the snippet(s) below:

@Given("User is on login page")
public void user_is_on_login_page() {
    // Write code here that turns the phrase above into concrete actions
    throw new io.cucumber.java.PendingException();
}
@When("Registered user clicks sign in after entering password")
public void registered_user_clicks_sign_in_after_entering_password() {
    // Write code here that turns the phrase above into concrete actions
    throw new io.cucumber.java.PendingException();
}

	at ✽.User is on login page(file:///C:/Users/nithi/EclipseWorkspace2024/Team01_Sweet-Debugger/src/test/resources/features/FreeDashboard.feature:6)

testRunner.TestRunner.runScenario["Verify Cuisine Preferences dropdown is displayed with options", "Dashboard page validation for Registered Free account user"](11) -- Time elapsed: 2.305 s <<< FAILURE!
io.cucumber.testng.UndefinedStepException: 
The step 'User is on login page' and 1 other step(s) are undefined.
You can implement these steps using the snippet(s) below:

@Given("User is on login page")
public void user_is_on_login_page() {
    // Write code here that turns the phrase above into concrete actions
    throw new io.cucumber.java.PendingException();
}
@When("Registered user clicks sign in after entering password")
public void registered_user_clicks_sign_in_after_entering_password() {
    // Write code here that turns the phrase above into concrete actions
    throw new io.cucumber.java.PendingException();
}

	at ✽.User is on login page(file:///C:/Users/nithi/EclipseWorkspace2024/Team01_Sweet-Debugger/src/test/resources/features/FreeDashboard.feature:6)

testRunner.TestRunner.runScenario["Verify Food Allergies dropdown is displayed with options", "Dashboard page validation for Registered Free account user"](12) -- Time elapsed: 2.380 s <<< FAILURE!
io.cucumber.testng.UndefinedStepException: 
The step 'User is on login page' and 1 other step(s) are undefined.
You can implement these steps using the snippet(s) below:

@Given("User is on login page")
public void user_is_on_login_page() {
    // Write code here that turns the phrase above into concrete actions
    throw new io.cucumber.java.PendingException();
}
@When("Registered user clicks sign in after entering password")
public void registered_user_clicks_sign_in_after_entering_password() {
    // Write code here that turns the phrase above into concrete actions
    throw new io.cucumber.java.PendingException();
}

	at ✽.User is on login page(file:///C:/Users/nithi/EclipseWorkspace2024/Team01_Sweet-Debugger/src/test/resources/features/FreeDashboard.feature:6)

testRunner.TestRunner.runScenario["Verify the header Stress Management Techniques", "Dashboard page validation for Registered Free account user"](13) -- Time elapsed: 2.108 s <<< FAILURE!
io.cucumber.testng.UndefinedStepException: 
The step 'User is on login page' and 1 other step(s) are undefined.
You can implement these steps using the snippet(s) below:

@Given("User is on login page")
public void user_is_on_login_page() {
    // Write code here that turns the phrase above into concrete actions
    throw new io.cucumber.java.PendingException();
}
@When("Registered user clicks sign in after entering password")
public void registered_user_clicks_sign_in_after_entering_password() {
    // Write code here that turns the phrase above into concrete actions
    throw new io.cucumber.java.PendingException();
}

	at ✽.User is on login page(file:///C:/Users/nithi/EclipseWorkspace2024/Team01_Sweet-Debugger/src/test/resources/features/FreeDashboard.feature:6)

testRunner.TestRunner.runScenario["Verify the navigation bar order", "Dashboard page validation for Registered Free account user"](14) -- Time elapsed: 2.377 s <<< FAILURE!
io.cucumber.testng.UndefinedStepException: 
The step 'User is on login page' and 1 other step(s) are undefined.
You can implement these steps using the snippet(s) below:

@Given("User is on login page")
public void user_is_on_login_page() {
    // Write code here that turns the phrase above into concrete actions
    throw new io.cucumber.java.PendingException();
}
@When("Registered user clicks sign in after entering password")
public void registered_user_clicks_sign_in_after_entering_password() {
    // Write code here that turns the phrase above into concrete actions
    throw new io.cucumber.java.PendingException();
}

	at ✽.User is on login page(file:///C:/Users/nithi/EclipseWorkspace2024/Team01_Sweet-Debugger/src/test/resources/features/FreeDashboard.feature:6)

testRunner.TestRunner.runScenario["Verify Guided Meditation section is visible", "Dashboard page validation for Registered Free account user"](15) -- Time elapsed: 2.172 s <<< FAILURE!
io.cucumber.testng.UndefinedStepException: 
The step 'User is on login page' and 1 other step(s) are undefined.
You can implement these steps using the snippet(s) below:

@Given("User is on login page")
public void user_is_on_login_page() {
    // Write code here that turns the phrase above into concrete actions
    throw new io.cucumber.java.PendingException();
}
@When("Registered user clicks sign in after entering password")
public void registered_user_clicks_sign_in_after_entering_password() {
    // Write code here that turns the phrase above into concrete actions
    throw new io.cucumber.java.PendingException();
}

	at ✽.User is on login page(file:///C:/Users/nithi/EclipseWorkspace2024/Team01_Sweet-Debugger/src/test/resources/features/FreeDashboard.feature:6)

testRunner.TestRunner.runScenario["Verify meditation duration options are displayed", "Dashboard page validation for Registered Free account user"](16) -- Time elapsed: 2.297 s <<< FAILURE!
io.cucumber.testng.UndefinedStepException: 
The step 'User is on login page' and 1 other step(s) are undefined.
You can implement these steps using the snippet(s) below:

@Given("User is on login page")
public void user_is_on_login_page() {
    // Write code here that turns the phrase above into concrete actions
    throw new io.cucumber.java.PendingException();
}
@When("Registered user clicks sign in after entering password")
public void registered_user_clicks_sign_in_after_entering_password() {
    // Write code here that turns the phrase above into concrete actions
    throw new io.cucumber.java.PendingException();
}

	at ✽.User is on login page(file:///C:/Users/nithi/EclipseWorkspace2024/Team01_Sweet-Debugger/src/test/resources/features/FreeDashboard.feature:6)

testRunner.TestRunner.runScenario["Verify audio player progress bar and time indicators", "Dashboard page validation for Registered Free account user"](17) -- Time elapsed: 2.219 s <<< FAILURE!
io.cucumber.testng.UndefinedStepException: 
The step 'User is on login page' and 1 other step(s) are undefined.
You can implement these steps using the snippet(s) below:

@Given("User is on login page")
public void user_is_on_login_page() {
    // Write code here that turns the phrase above into concrete actions
    throw new io.cucumber.java.PendingException();
}
@When("Registered user clicks sign in after entering password")
public void registered_user_clicks_sign_in_after_entering_password() {
    // Write code here that turns the phrase above into concrete actions
    throw new io.cucumber.java.PendingException();
}

	at ✽.User is on login page(file:///C:/Users/nithi/EclipseWorkspace2024/Team01_Sweet-Debugger/src/test/resources/features/FreeDashboard.feature:6)

testRunner.TestRunner.runScenario["Verify audio playback functionality", "Dashboard page validation for Registered Free account user"](18) -- Time elapsed: 2.072 s <<< FAILURE!
io.cucumber.testng.UndefinedStepException: 
The step 'User is on login page' and 1 other step(s) are undefined.
You can implement these steps using the snippet(s) below:

@Given("User is on login page")
public void user_is_on_login_page() {
    // Write code here that turns the phrase above into concrete actions
    throw new io.cucumber.java.PendingException();
}
@When("Registered user clicks sign in after entering password")
public void registered_user_clicks_sign_in_after_entering_password() {
    // Write code here that turns the phrase above into concrete actions
    throw new io.cucumber.java.PendingException();
}

	at ✽.User is on login page(file:///C:/Users/nithi/EclipseWorkspace2024/Team01_Sweet-Debugger/src/test/resources/features/FreeDashboard.feature:6)

testRunner.TestRunner.runScenario["Verify the Title displayed under Movement tab", "Dashboard page validation for Registered Free account user"](19) -- Time elapsed: 2.194 s <<< FAILURE!
io.cucumber.testng.UndefinedStepException: 
The step 'User is on login page' and 1 other step(s) are undefined.
You can implement these steps using the snippet(s) below:

@Given("User is on login page")
public void user_is_on_login_page() {
    // Write code here that turns the phrase above into concrete actions
    throw new io.cucumber.java.PendingException();
}
@When("Registered user clicks sign in after entering password")
public void registered_user_clicks_sign_in_after_entering_password() {
    // Write code here that turns the phrase above into concrete actions
    throw new io.cucumber.java.PendingException();
}

	at ✽.User is on login page(file:///C:/Users/nithi/EclipseWorkspace2024/Team01_Sweet-Debugger/src/test/resources/features/FreeDashboard.feature:6)

testRunner.TestRunner.runScenario["Verify the content displayed under Movement tab", "Dashboard page validation for Registered Free account user"](20) -- Time elapsed: 2.313 s <<< FAILURE!
io.cucumber.testng.UndefinedStepException: 
The step 'User is on login page' and 1 other step(s) are undefined.
You can implement these steps using the snippet(s) below:

@Given("User is on login page")
public void user_is_on_login_page() {
    // Write code here that turns the phrase above into concrete actions
    throw new io.cucumber.java.PendingException();
}
@When("Registered user clicks sign in after entering password")
public void registered_user_clicks_sign_in_after_entering_password() {
    // Write code here that turns the phrase above into concrete actions
    throw new io.cucumber.java.PendingException();
}

	at ✽.User is on login page(file:///C:/Users/nithi/EclipseWorkspace2024/Team01_Sweet-Debugger/src/test/resources/features/FreeDashboard.feature:6)

testRunner.TestRunner.runScenario["Verify the title under Mindfulness tab", "Dashboard page validation for Registered Free account user"](21) -- Time elapsed: 2.346 s <<< FAILURE!
io.cucumber.testng.UndefinedStepException: 
The step 'User is on login page' and 1 other step(s) are undefined.
You can implement these steps using the snippet(s) below:

@Given("User is on login page")
public void user_is_on_login_page() {
    // Write code here that turns the phrase above into concrete actions
    throw new io.cucumber.java.PendingException();
}
@When("Registered user clicks sign in after entering password")
public void registered_user_clicks_sign_in_after_entering_password() {
    // Write code here that turns the phrase above into concrete actions
    throw new io.cucumber.java.PendingException();
}

	at ✽.User is on login page(file:///C:/Users/nithi/EclipseWorkspace2024/Team01_Sweet-Debugger/src/test/resources/features/FreeDashboard.feature:6)

testRunner.TestRunner.runScenario["Verify the content displayed under Mindfulness tab", "Dashboard page validation for Registered Free account user"](22) -- Time elapsed: 2.054 s <<< FAILURE!
io.cucumber.testng.UndefinedStepException: 
The step 'User is on login page' and 1 other step(s) are undefined.
You can implement these steps using the snippet(s) below:

@Given("User is on login page")
public void user_is_on_login_page() {
    // Write code here that turns the phrase above into concrete actions
    throw new io.cucumber.java.PendingException();
}
@When("Registered user clicks sign in after entering password")
public void registered_user_clicks_sign_in_after_entering_password() {
    // Write code here that turns the phrase above into concrete actions
    throw new io.cucumber.java.PendingException();
}

	at ✽.User is on login page(file:///C:/Users/nithi/EclipseWorkspace2024/Team01_Sweet-Debugger/src/test/resources/features/FreeDashboard.feature:6)

testRunner.TestRunner.runScenario["Verify Benefits for Diabetes Management section is visible", "Dashboard page validation for Registered Free account user"](23) -- Time elapsed: 2.312 s <<< FAILURE!
io.cucumber.testng.UndefinedStepException: 
The step 'User is on login page' and 1 other step(s) are undefined.
You can implement these steps using the snippet(s) below:

@Given("User is on login page")
public void user_is_on_login_page() {
    // Write code here that turns the phrase above into concrete actions
    throw new io.cucumber.java.PendingException();
}
@When("Registered user clicks sign in after entering password")
public void registered_user_clicks_sign_in_after_entering_password() {
    // Write code here that turns the phrase above into concrete actions
    throw new io.cucumber.java.PendingException();
}

	at ✽.User is on login page(file:///C:/Users/nithi/EclipseWorkspace2024/Team01_Sweet-Debugger/src/test/resources/features/FreeDashboard.feature:6)

testRunner.TestRunner.runScenario["Verify heading and description is displayed under Breathing tab", "Dashboard page validation for Registered Free account user"](24) -- Time elapsed: 2.241 s <<< FAILURE!
io.cucumber.testng.UndefinedStepException: 
The step 'User is on login page' and 1 other step(s) are undefined.
You can implement these steps using the snippet(s) below:

@Given("User is on login page")
public void user_is_on_login_page() {
    // Write code here that turns the phrase above into concrete actions
    throw new io.cucumber.java.PendingException();
}
@When("Registered user clicks sign in after entering password")
public void registered_user_clicks_sign_in_after_entering_password() {
    // Write code here that turns the phrase above into concrete actions
    throw new io.cucumber.java.PendingException();
}

	at ✽.User is on login page(file:///C:/Users/nithi/EclipseWorkspace2024/Team01_Sweet-Debugger/src/test/resources/features/FreeDashboard.feature:6)

testRunner.TestRunner.runScenario["Verify Start button is displayed under Breathing tab", "Dashboard page validation for Registered Free account user"](25) -- Time elapsed: 2.357 s <<< FAILURE!
io.cucumber.testng.UndefinedStepException: 
The step 'User is on login page' and 1 other step(s) are undefined.
You can implement these steps using the snippet(s) below:

@Given("User is on login page")
public void user_is_on_login_page() {
    // Write code here that turns the phrase above into concrete actions
    throw new io.cucumber.java.PendingException();
}
@When("Registered user clicks sign in after entering password")
public void registered_user_clicks_sign_in_after_entering_password() {
    // Write code here that turns the phrase above into concrete actions
    throw new io.cucumber.java.PendingException();
}

	at ✽.User is on login page(file:///C:/Users/nithi/EclipseWorkspace2024/Team01_Sweet-Debugger/src/test/resources/features/FreeDashboard.feature:6)

testRunner.TestRunner.runScenario["Verify Cycle completed counter is displayed", "Dashboard page validation for Registered Free account user"](26) -- Time elapsed: 2.171 s <<< FAILURE!
io.cucumber.testng.UndefinedStepException: 
The step 'User is on login page' and 1 other step(s) are undefined.
You can implement these steps using the snippet(s) below:

@Given("User is on login page")
public void user_is_on_login_page() {
    // Write code here that turns the phrase above into concrete actions
    throw new io.cucumber.java.PendingException();
}
@When("Registered user clicks sign in after entering password")
public void registered_user_clicks_sign_in_after_entering_password() {
    // Write code here that turns the phrase above into concrete actions
    throw new io.cucumber.java.PendingException();
}

	at ✽.User is on login page(file:///C:/Users/nithi/EclipseWorkspace2024/Team01_Sweet-Debugger/src/test/resources/features/FreeDashboard.feature:6)

testRunner.TestRunner.runScenario["Verify current phase counter is displayed", "Dashboard page validation for Registered Free account user"](27) -- Time elapsed: 2.224 s <<< FAILURE!
io.cucumber.testng.UndefinedStepException: 
The step 'User is on login page' and 1 other step(s) are undefined.
You can implement these steps using the snippet(s) below:

@Given("User is on login page")
public void user_is_on_login_page() {
    // Write code here that turns the phrase above into concrete actions
    throw new io.cucumber.java.PendingException();
}
@When("Registered user clicks sign in after entering password")
public void registered_user_clicks_sign_in_after_entering_password() {
    // Write code here that turns the phrase above into concrete actions
    throw new io.cucumber.java.PendingException();
}

	at ✽.User is on login page(file:///C:/Users/nithi/EclipseWorkspace2024/Team01_Sweet-Debugger/src/test/resources/features/FreeDashboard.feature:6)

testRunner.TestRunner.runScenario["verify breathing steps are displayed", "Dashboard page validation for Registered Free account user"](28) -- Time elapsed: 2.082 s <<< FAILURE!
io.cucumber.testng.UndefinedStepException: 
The step 'User is on login page' and 1 other step(s) are undefined.
You can implement these steps using the snippet(s) below:

@Given("User is on login page")
public void user_is_on_login_page() {
    // Write code here that turns the phrase above into concrete actions
    throw new io.cucumber.java.PendingException();
}
@When("Registered user clicks sign in after entering password")
public void registered_user_clicks_sign_in_after_entering_password() {
    // Write code here that turns the phrase above into concrete actions
    throw new io.cucumber.java.PendingException();
}

	at ✽.User is on login page(file:///C:/Users/nithi/EclipseWorkspace2024/Team01_Sweet-Debugger/src/test/resources/features/FreeDashboard.feature:6)

testRunner.TestRunner.runScenario["Verify start button functionality", "Dashboard page validation for Registered Free account user"](29) -- Time elapsed: 2.164 s <<< FAILURE!
io.cucumber.testng.UndefinedStepException: 
The step 'User is on login page' and 1 other step(s) are undefined.
You can implement these steps using the snippet(s) below:

@Given("User is on login page")
public void user_is_on_login_page() {
    // Write code here that turns the phrase above into concrete actions
    throw new io.cucumber.java.PendingException();
}
@When("Registered user clicks sign in after entering password")
public void registered_user_clicks_sign_in_after_entering_password() {
    // Write code here that turns the phrase above into concrete actions
    throw new io.cucumber.java.PendingException();
}

	at ✽.User is on login page(file:///C:/Users/nithi/EclipseWorkspace2024/Team01_Sweet-Debugger/src/test/resources/features/FreeDashboard.feature:6)

