<!DOCTYPE html PUBLIC "-//W3C//DTD XHTML 1.1//EN" "https://www.w3.org/TR/xhtml11/DTD/xhtml11.dtd">
<html xmlns="https://www.w3.org/1999/xhtml">
<head>
<meta http-equiv="content-type" content="text/html; charset=UTF-8"/>
<title>TestNG Report</title>
<style type="text/css">table {margin-bottom:10px;border-collapse:collapse;empty-cells:show}th,td {border:1px solid #009;padding:.25em .5em}th {vertical-align:bottom}td {vertical-align:top}table a {font-weight:bold}.stripe td {background-color: #E6EBF9}.num {text-align:right}.passedodd td {background-color: #3F3}.passedeven td {background-color: #0A0}.skippedodd td {background-color: #DDD}.skippedeven td {background-color: #CCC}.failedodd td,.attn {background-color: #F33}.failedeven td,.stripe .attn {background-color: #D00}.stacktrace {white-space:pre;font-family:monospace}.totop {font-size:85%;text-align:center;border-bottom:2px solid #000}.invisible {display:none}</style>
</head>
<body>
<table>
<tr><th>Test</th><th># Passed</th><th># Skipped</th><th># Retried</th><th># Failed</th><th>Time (ms)</th><th>Included Groups</th><th>Excluded Groups</th></tr>
<tr><th colspan="8">Suite</th></tr>
<tr><td><a href="#t0">TestFirefox</a></td><td class="num">0</td><td class="num">0</td><td class="num">0</td><td class="num attn">1</td><td class="num">19,167</td><td></td><td></td></tr>
<tr class="stripe"><td><a href="#t1">TestEdge</a></td><td class="num">0</td><td class="num">0</td><td class="num">0</td><td class="num attn">1</td><td class="num">6,782</td><td></td><td></td></tr>
<tr><td><a href="#t2">TestChrome</a></td><td class="num">0</td><td class="num">0</td><td class="num">0</td><td class="num attn">1</td><td class="num">5,743</td><td></td><td></td></tr>
<tr><th>Total</th><th class="num">0</th><th class="num">0</th><th class="num">0</th><th class="num attn">3</th><th class="num">31,692</th><th colspan="2"></th></tr>
</table>
<table id='summary'><thead><tr><th>Class</th><th>Method</th><th>Start</th><th>Time (ms)</th></tr></thead><tbody><tr><th colspan="4">Suite</th></tr></tbody><tbody id="t0"><tr><th colspan="4">TestFirefox &#8212; failed</th></tr><tr class="failedeven"><td rowspan="1">testRunner.TestRunner</td><td><a href="#m0">runScenario</a></td><td rowspan="1">1751592822073</td><td rowspan="1">9237</td></tr></tbody>
<tbody id="t1"><tr><th colspan="4">TestEdge &#8212; failed</th></tr><tr class="failedeven"><td rowspan="1">testRunner.TestRunner</td><td><a href="#m1">runScenario</a></td><td rowspan="1">1751592832271</td><td rowspan="1">6303</td></tr></tbody>
<tbody id="t2"><tr><th colspan="4">TestChrome &#8212; failed</th></tr><tr class="failedeven"><td rowspan="1">testRunner.TestRunner</td><td><a href="#m2">runScenario</a></td><td rowspan="1">1751592838950</td><td rowspan="1">5505</td></tr></tbody>
</table>
<h2>TestFirefox</h2><h3 id="m0">testRunner.TestRunner#runScenario</h3><table class="result"><tr class="param"><th>Parameter #1</th><th>Parameter #2</th></tr><tr class="param stripe"><td>&quot;Verify &quot;snack Three Clock&quot; the presence of Carbs,Protein and Fat in Meals Section&quot;</td><td>&quot;Home Page Validation for Registered Free Account User&quot;</td></tr><tr><th colspan="2">Exception</th></tr><tr><td colspan="2"><div class="stacktrace">java.lang.AssertionError: snack Three Clock is not displayed expected [true] but found [false]
	at stepDefinitions.HomePageFreeUser_Step.the_value_should_be_displayed_HomePageNutrientValue(HomePageFreeUser_Step.java:88)
	at ✽.The &quot;snack Three Clock&quot; value should be displayed HomePageNutrientValue(file:///C:/Users/nithi/EclipseWorkspace2024/Team01_Sweet-Debugger/src/test/resources/features/HomePageFreeUser.feature:36)
... Removed 3 stack frames</div></td></tr></table><p class="totop"><a href="#summary">back to summary</a></p>
<h2>TestEdge</h2><h3 id="m1">testRunner.TestRunner#runScenario</h3><table class="result"><tr class="param"><th>Parameter #1</th><th>Parameter #2</th></tr><tr class="param stripe"><td>&quot;Verify &quot;snack Three Clock&quot; the presence of Carbs,Protein and Fat in Meals Section&quot;</td><td>&quot;Home Page Validation for Registered Free Account User&quot;</td></tr><tr><th colspan="2">Exception</th></tr><tr><td colspan="2"><div class="stacktrace">java.lang.AssertionError: snack Three Clock is not displayed expected [true] but found [false]
	at stepDefinitions.HomePageFreeUser_Step.the_value_should_be_displayed_HomePageNutrientValue(HomePageFreeUser_Step.java:88)
	at ✽.The &quot;snack Three Clock&quot; value should be displayed HomePageNutrientValue(file:///C:/Users/nithi/EclipseWorkspace2024/Team01_Sweet-Debugger/src/test/resources/features/HomePageFreeUser.feature:36)
... Removed 3 stack frames</div></td></tr></table><p class="totop"><a href="#summary">back to summary</a></p>
<h2>TestChrome</h2><h3 id="m2">testRunner.TestRunner#runScenario</h3><table class="result"><tr class="param"><th>Parameter #1</th><th>Parameter #2</th></tr><tr class="param stripe"><td>&quot;Verify &quot;snack Three Clock&quot; the presence of Carbs,Protein and Fat in Meals Section&quot;</td><td>&quot;Home Page Validation for Registered Free Account User&quot;</td></tr><tr><th colspan="2">Exception</th></tr><tr><td colspan="2"><div class="stacktrace">java.lang.AssertionError: snack Three Clock is not displayed expected [true] but found [false]
	at stepDefinitions.HomePageFreeUser_Step.the_value_should_be_displayed_HomePageNutrientValue(HomePageFreeUser_Step.java:88)
	at ✽.The &quot;snack Three Clock&quot; value should be displayed HomePageNutrientValue(file:///C:/Users/nithi/EclipseWorkspace2024/Team01_Sweet-Debugger/src/test/resources/features/HomePageFreeUser.feature:36)
... Removed 3 stack frames</div></td></tr></table><p class="totop"><a href="#summary">back to summary</a></p>
</body>
</html>
