<?xml version="1.0" encoding="UTF-8"?>
<!-- Generated by org.testng.reporters.JUnitReportReporter -->
<testsuite hostname="NithyaLenova" failures="3" tests="3" name="testRunner.TestRunner" time="21.045" errors="0" timestamp="2025-07-03T20:34:04 CDT" skipped="0">
  <testcase classname="testRunner.TestRunner" name="runScenario" time="6.303">
    <failure message="snack Three Clock is not displayed expected [true] but found [false]" type="java.lang.AssertionError">
      <![CDATA[java.lang.AssertionError: snack Three Clock is not displayed expected [true] but found [false]
at org.testng.Assert.fail(Assert.java:111)
at org.testng.Assert.failNotEquals(Assert.java:1590)
at org.testng.Assert.assertTrue(Assert.java:57)
at stepDefinitions.HomePageFreeUser_Step.the_value_should_be_displayed_HomePageNutrientValue(HomePageFreeUser_Step.java:88)
at ✽.The "snack Three Clock" value should be displayed HomePageNutrientValue(file:///C:/Users/nithi/EclipseWorkspace2024/Team01_Sweet-Debugger/src/test/resources/features/HomePageFreeUser.feature:36)
]]>
    </failure>
  </testcase> <!-- runScenario -->
  <testcase classname="testRunner.TestRunner" name="runScenario" time="5.505">
    <failure message="snack Three Clock is not displayed expected [true] but found [false]" type="java.lang.AssertionError">
      <![CDATA[java.lang.AssertionError: snack Three Clock is not displayed expected [true] but found [false]
at org.testng.Assert.fail(Assert.java:111)
at org.testng.Assert.failNotEquals(Assert.java:1590)
at org.testng.Assert.assertTrue(Assert.java:57)
at stepDefinitions.HomePageFreeUser_Step.the_value_should_be_displayed_HomePageNutrientValue(HomePageFreeUser_Step.java:88)
at ✽.The "snack Three Clock" value should be displayed HomePageNutrientValue(file:///C:/Users/nithi/EclipseWorkspace2024/Team01_Sweet-Debugger/src/test/resources/features/HomePageFreeUser.feature:36)
]]>
    </failure>
  </testcase> <!-- runScenario -->
  <testcase classname="testRunner.TestRunner" name="runScenario" time="9.237">
    <failure message="snack Three Clock is not displayed expected [true] but found [false]" type="java.lang.AssertionError">
      <![CDATA[java.lang.AssertionError: snack Three Clock is not displayed expected [true] but found [false]
at org.testng.Assert.fail(Assert.java:111)
at org.testng.Assert.failNotEquals(Assert.java:1590)
at org.testng.Assert.assertTrue(Assert.java:57)
at stepDefinitions.HomePageFreeUser_Step.the_value_should_be_displayed_HomePageNutrientValue(HomePageFreeUser_Step.java:88)
at ✽.The "snack Three Clock" value should be displayed HomePageNutrientValue(file:///C:/Users/nithi/EclipseWorkspace2024/Team01_Sweet-Debugger/src/test/resources/features/HomePageFreeUser.feature:36)
]]>
    </failure>
  </testcase> <!-- runScenario -->
</testsuite> <!-- testRunner.TestRunner -->
